mode: set
github.com/joseluis8906/project-layout/internal/bank/config/config.go:11.25,17.16 6 0
github.com/joseluis8906/project-layout/internal/bank/config/config.go:17.16,19.3 1 0
github.com/joseluis8906/project-layout/internal/bank/config/config.go:21.2,22.9 2 0
github.com/joseluis8906/project-layout/internal/bank/config/config.go:22.9,24.3 1 0
github.com/joseluis8906/project-layout/internal/bank/config/config.go:26.2,27.45 2 0
github.com/joseluis8906/project-layout/internal/bank/config/config.go:27.45,29.3 1 0
github.com/joseluis8906/project-layout/internal/bank/config/config.go:31.2,31.10 1 0
github.com/joseluis8906/project-layout/internal/bank/app/app.go:35.61,40.44 3 0
github.com/joseluis8906/project-layout/internal/bank/app/app.go:40.44,42.18 2 0
github.com/joseluis8906/project-layout/internal/bank/app/app.go:42.18,44.5 1 0
github.com/joseluis8906/project-layout/internal/bank/app/app.go:46.4,49.18 4 0
github.com/joseluis8906/project-layout/internal/bank/app/app.go:49.18,51.5 1 0
github.com/joseluis8906/project-layout/internal/bank/app/app.go:53.4,57.14 4 0
github.com/joseluis8906/project-layout/internal/bank/app/app.go:57.14,59.19 2 0
github.com/joseluis8906/project-layout/internal/bank/app/app.go:59.19,61.6 1 0
github.com/joseluis8906/project-layout/internal/bank/app/app.go:64.4,64.14 1 0
github.com/joseluis8906/project-layout/internal/bank/app/app.go:67.43,69.55 2 0
github.com/joseluis8906/project-layout/internal/bank/app/app.go:69.55,71.5 1 0
github.com/joseluis8906/project-layout/internal/bank/app/app.go:73.4,73.14 1 0
github.com/joseluis8906/project-layout/internal/bank/app/app.go:77.2,77.19 1 0
github.com/joseluis8906/project-layout/internal/bank/app/app.go:80.61,89.44 4 0
github.com/joseluis8906/project-layout/internal/bank/app/app.go:89.44,91.18 2 0
github.com/joseluis8906/project-layout/internal/bank/app/app.go:91.18,93.5 1 0
github.com/joseluis8906/project-layout/internal/bank/app/app.go:95.4,97.36 3 0
github.com/joseluis8906/project-layout/internal/bank/app/app.go:97.36,98.15 1 0
github.com/joseluis8906/project-layout/internal/bank/app/app.go:98.15,100.6 1 0
github.com/joseluis8906/project-layout/internal/bank/app/app.go:102.4,102.14 1 0
github.com/joseluis8906/project-layout/internal/bank/app/app.go:104.43,106.4 1 0
github.com/joseluis8906/project-layout/internal/bank/app/app.go:109.2,109.12 1 0
github.com/joseluis8906/project-layout/internal/bank/tx/grpc.go:43.37,52.2 2 0
github.com/joseluis8906/project-layout/internal/bank/tx/grpc.go:54.103,56.16 2 0
github.com/joseluis8906/project-layout/internal/bank/tx/grpc.go:56.16,59.3 2 0
github.com/joseluis8906/project-layout/internal/bank/tx/grpc.go:61.2,62.55 2 0
github.com/joseluis8906/project-layout/internal/bank/tx/grpc.go:62.55,65.3 2 0
github.com/joseluis8906/project-layout/internal/bank/tx/grpc.go:67.2,67.54 1 0
github.com/joseluis8906/project-layout/internal/bank/tx/grpc.go:67.54,70.3 2 0
github.com/joseluis8906/project-layout/internal/bank/tx/grpc.go:72.2,81.16 2 0
github.com/joseluis8906/project-layout/internal/bank/tx/grpc.go:81.16,84.3 2 0
github.com/joseluis8906/project-layout/internal/bank/tx/grpc.go:86.2,86.66 1 0
github.com/joseluis8906/project-layout/internal/bank/tx/grpc.go:86.66,89.3 2 0
github.com/joseluis8906/project-layout/internal/bank/tx/grpc.go:91.2,91.53 1 0
github.com/joseluis8906/project-layout/internal/bank/tx/grpc.go:94.119,96.16 2 0
github.com/joseluis8906/project-layout/internal/bank/tx/grpc.go:96.16,98.3 1 0
github.com/joseluis8906/project-layout/internal/bank/tx/grpc.go:100.2,101.61 2 0
github.com/joseluis8906/project-layout/internal/bank/tx/grpc.go:101.61,103.3 1 0
github.com/joseluis8906/project-layout/internal/bank/tx/grpc.go:105.2,105.59 1 0
github.com/joseluis8906/project-layout/internal/bank/tx/grpc.go:105.59,108.3 2 0
github.com/joseluis8906/project-layout/internal/bank/tx/grpc.go:110.2,119.16 2 0
github.com/joseluis8906/project-layout/internal/bank/tx/grpc.go:119.16,122.3 2 0
github.com/joseluis8906/project-layout/internal/bank/tx/grpc.go:124.2,124.67 1 0
github.com/joseluis8906/project-layout/internal/bank/tx/grpc.go:124.67,127.3 2 0
github.com/joseluis8906/project-layout/internal/bank/tx/grpc.go:129.2,129.58 1 0
github.com/joseluis8906/project-layout/internal/bank/tx/repository.go:25.47,35.2 3 0
github.com/joseluis8906/project-layout/internal/bank/tx/repository.go:37.64,43.16 5 0
github.com/joseluis8906/project-layout/internal/bank/tx/repository.go:43.16,45.3 1 0
github.com/joseluis8906/project-layout/internal/bank/tx/repository.go:47.2,47.12 1 0
github.com/joseluis8906/project-layout/internal/bank/tx/repository.go:50.70,56.34 5 0
github.com/joseluis8906/project-layout/internal/bank/tx/repository.go:56.34,58.3 1 0
github.com/joseluis8906/project-layout/internal/bank/tx/repository.go:60.2,61.40 2 0
github.com/joseluis8906/project-layout/internal/bank/tx/repository.go:61.40,63.3 1 0
github.com/joseluis8906/project-layout/internal/bank/tx/repository.go:65.2,65.16 1 0
github.com/joseluis8906/project-layout/internal/bank/tx/tx.go:30.27,32.2 1 0
github.com/joseluis8906/project-layout/internal/bank/tx/tx.go:34.27,38.17 2 0
github.com/joseluis8906/project-layout/internal/bank/tx/tx.go:38.17,40.3 1 0
github.com/joseluis8906/project-layout/internal/bank/tx/tx.go:42.2,42.12 1 0
github.com/joseluis8906/project-layout/internal/bank/pb/account.pb.go:34.40,36.29 2 0
github.com/joseluis8906/project-layout/internal/bank/pb/account.pb.go:36.29,40.3 3 0
github.com/joseluis8906/project-layout/internal/bank/pb/account.pb.go:43.48,45.2 1 0
github.com/joseluis8906/project-layout/internal/bank/pb/account.pb.go:47.46,47.47 0 0
github.com/joseluis8906/project-layout/internal/bank/pb/account.pb.go:49.68,51.41 2 0
github.com/joseluis8906/project-layout/internal/bank/pb/account.pb.go:51.41,53.34 2 0
github.com/joseluis8906/project-layout/internal/bank/pb/account.pb.go:53.34,55.4 1 0
github.com/joseluis8906/project-layout/internal/bank/pb/account.pb.go:56.3,56.12 1 0
github.com/joseluis8906/project-layout/internal/bank/pb/account.pb.go:58.2,58.24 1 0
github.com/joseluis8906/project-layout/internal/bank/pb/account.pb.go:62.59,64.2 1 0
github.com/joseluis8906/project-layout/internal/bank/pb/account.pb.go:66.49,67.14 1 0
github.com/joseluis8906/project-layout/internal/bank/pb/account.pb.go:67.14,69.3 1 0
github.com/joseluis8906/project-layout/internal/bank/pb/account.pb.go:70.2,70.11 1 0
github.com/joseluis8906/project-layout/internal/bank/pb/account.pb.go:73.55,74.14 1 0
github.com/joseluis8906/project-layout/internal/bank/pb/account.pb.go:74.14,76.3 1 0
github.com/joseluis8906/project-layout/internal/bank/pb/account.pb.go:77.2,77.12 1 0
github.com/joseluis8906/project-layout/internal/bank/pb/account.pb.go:80.71,81.14 1 0
github.com/joseluis8906/project-layout/internal/bank/pb/account.pb.go:81.14,83.3 1 0
github.com/joseluis8906/project-layout/internal/bank/pb/account.pb.go:84.2,84.12 1 0
github.com/joseluis8906/project-layout/internal/bank/pb/account.pb.go:95.41,97.29 2 0
github.com/joseluis8906/project-layout/internal/bank/pb/account.pb.go:97.29,101.3 3 0
github.com/joseluis8906/project-layout/internal/bank/pb/account.pb.go:104.49,106.2 1 0
github.com/joseluis8906/project-layout/internal/bank/pb/account.pb.go:108.47,108.48 0 0
github.com/joseluis8906/project-layout/internal/bank/pb/account.pb.go:110.69,112.41 2 0
github.com/joseluis8906/project-layout/internal/bank/pb/account.pb.go:112.41,114.34 2 0
github.com/joseluis8906/project-layout/internal/bank/pb/account.pb.go:114.34,116.4 1 0
github.com/joseluis8906/project-layout/internal/bank/pb/account.pb.go:117.3,117.12 1 0
github.com/joseluis8906/project-layout/internal/bank/pb/account.pb.go:119.2,119.24 1 0
github.com/joseluis8906/project-layout/internal/bank/pb/account.pb.go:123.60,125.2 1 0
github.com/joseluis8906/project-layout/internal/bank/pb/account.pb.go:127.52,128.14 1 0
github.com/joseluis8906/project-layout/internal/bank/pb/account.pb.go:128.14,130.3 1 0
github.com/joseluis8906/project-layout/internal/bank/pb/account.pb.go:131.2,131.11 1 0
github.com/joseluis8906/project-layout/internal/bank/pb/account.pb.go:145.46,147.29 2 0
github.com/joseluis8906/project-layout/internal/bank/pb/account.pb.go:147.29,151.3 3 0
github.com/joseluis8906/project-layout/internal/bank/pb/account.pb.go:154.54,156.2 1 0
github.com/joseluis8906/project-layout/internal/bank/pb/account.pb.go:158.52,158.53 0 0
github.com/joseluis8906/project-layout/internal/bank/pb/account.pb.go:160.74,162.41 2 0
github.com/joseluis8906/project-layout/internal/bank/pb/account.pb.go:162.41,164.34 2 0
github.com/joseluis8906/project-layout/internal/bank/pb/account.pb.go:164.34,166.4 1 0
github.com/joseluis8906/project-layout/internal/bank/pb/account.pb.go:167.3,167.12 1 0
github.com/joseluis8906/project-layout/internal/bank/pb/account.pb.go:169.2,169.24 1 0
github.com/joseluis8906/project-layout/internal/bank/pb/account.pb.go:173.65,175.2 1 0
github.com/joseluis8906/project-layout/internal/bank/pb/account.pb.go:177.53,178.14 1 0
github.com/joseluis8906/project-layout/internal/bank/pb/account.pb.go:178.14,180.3 1 0
github.com/joseluis8906/project-layout/internal/bank/pb/account.pb.go:181.2,181.11 1 0
github.com/joseluis8906/project-layout/internal/bank/pb/account.pb.go:184.56,185.14 1 0
github.com/joseluis8906/project-layout/internal/bank/pb/account.pb.go:185.14,187.3 1 0
github.com/joseluis8906/project-layout/internal/bank/pb/account.pb.go:188.2,188.11 1 0
github.com/joseluis8906/project-layout/internal/bank/pb/account.pb.go:191.58,192.14 1 0
github.com/joseluis8906/project-layout/internal/bank/pb/account.pb.go:192.14,194.3 1 0
github.com/joseluis8906/project-layout/internal/bank/pb/account.pb.go:195.2,195.11 1 0
github.com/joseluis8906/project-layout/internal/bank/pb/account.pb.go:198.59,199.14 1 0
github.com/joseluis8906/project-layout/internal/bank/pb/account.pb.go:199.14,201.3 1 0
github.com/joseluis8906/project-layout/internal/bank/pb/account.pb.go:202.2,202.11 1 0
github.com/joseluis8906/project-layout/internal/bank/pb/account.pb.go:246.51,247.48 1 0
github.com/joseluis8906/project-layout/internal/bank/pb/account.pb.go:247.48,249.3 1 0
github.com/joseluis8906/project-layout/internal/bank/pb/account.pb.go:250.2,250.44 1 0
github.com/joseluis8906/project-layout/internal/bank/pb/account.pb.go:272.13,272.47 1 0
github.com/joseluis8906/project-layout/internal/bank/pb/account.pb.go:273.37,274.36 1 0
github.com/joseluis8906/project-layout/internal/bank/pb/account.pb.go:274.36,276.3 1 0
github.com/joseluis8906/project-layout/internal/bank/pb/account.pb.go:277.2,277.30 1 0
github.com/joseluis8906/project-layout/internal/bank/pb/account.pb.go:277.30,278.89 1 0
github.com/joseluis8906/project-layout/internal/bank/pb/account.pb.go:278.89,279.45 1 0
github.com/joseluis8906/project-layout/internal/bank/pb/account.pb.go:280.11,281.20 1 0
github.com/joseluis8906/project-layout/internal/bank/pb/account.pb.go:282.11,283.24 1 0
github.com/joseluis8906/project-layout/internal/bank/pb/account.pb.go:284.11,285.28 1 0
github.com/joseluis8906/project-layout/internal/bank/pb/account.pb.go:286.12,287.15 1 0
github.com/joseluis8906/project-layout/internal/bank/pb/account.pb.go:290.3,290.89 1 0
github.com/joseluis8906/project-layout/internal/bank/pb/account.pb.go:290.89,291.46 1 0
github.com/joseluis8906/project-layout/internal/bank/pb/account.pb.go:292.11,293.20 1 0
github.com/joseluis8906/project-layout/internal/bank/pb/account.pb.go:294.11,295.24 1 0
github.com/joseluis8906/project-layout/internal/bank/pb/account.pb.go:296.11,297.28 1 0
github.com/joseluis8906/project-layout/internal/bank/pb/account.pb.go:298.12,299.15 1 0
github.com/joseluis8906/project-layout/internal/bank/pb/account.pb.go:302.3,302.89 1 0
github.com/joseluis8906/project-layout/internal/bank/pb/account.pb.go:302.89,303.51 1 0
github.com/joseluis8906/project-layout/internal/bank/pb/account.pb.go:304.11,305.20 1 0
github.com/joseluis8906/project-layout/internal/bank/pb/account.pb.go:306.11,307.24 1 0
github.com/joseluis8906/project-layout/internal/bank/pb/account.pb.go:308.11,309.28 1 0
github.com/joseluis8906/project-layout/internal/bank/pb/account.pb.go:310.12,311.15 1 0
github.com/joseluis8906/project-layout/internal/bank/pb/account.pb.go:315.2,332.39 6 0
github.com/joseluis8906/project-layout/internal/bank/pb/account_grpc.pb.go:36.80,38.2 1 0
github.com/joseluis8906/project-layout/internal/bank/pb/account_grpc.pb.go:40.150,43.16 3 0
github.com/joseluis8906/project-layout/internal/bank/pb/account_grpc.pb.go:43.16,45.3 1 0
github.com/joseluis8906/project-layout/internal/bank/pb/account_grpc.pb.go:46.2,46.17 1 0
github.com/joseluis8906/project-layout/internal/bank/pb/account_grpc.pb.go:61.128,63.2 1 0
github.com/joseluis8906/project-layout/internal/bank/pb/account_grpc.pb.go:64.88,64.89 0 0
github.com/joseluis8906/project-layout/internal/bank/pb/account_grpc.pb.go:73.86,75.2 1 0
github.com/joseluis8906/project-layout/internal/bank/pb/account_grpc.pb.go:77.173,79.32 2 0
github.com/joseluis8906/project-layout/internal/bank/pb/account_grpc.pb.go:79.32,81.3 1 0
github.com/joseluis8906/project-layout/internal/bank/pb/account_grpc.pb.go:82.2,82.24 1 0
github.com/joseluis8906/project-layout/internal/bank/pb/account_grpc.pb.go:82.24,84.3 1 0
github.com/joseluis8906/project-layout/internal/bank/pb/account_grpc.pb.go:85.2,89.77 2 0
github.com/joseluis8906/project-layout/internal/bank/pb/account_grpc.pb.go:89.77,91.3 1 0
github.com/joseluis8906/project-layout/internal/bank/pb/account_grpc.pb.go:92.2,92.44 1 0
github.com/joseluis8906/project-layout/internal/bank/pb/events_v1.pb.go:30.29,32.29 2 0
github.com/joseluis8906/project-layout/internal/bank/pb/events_v1.pb.go:32.29,36.3 3 0
github.com/joseluis8906/project-layout/internal/bank/pb/events_v1.pb.go:39.37,41.2 1 0
github.com/joseluis8906/project-layout/internal/bank/pb/events_v1.pb.go:43.35,43.36 0 0
github.com/joseluis8906/project-layout/internal/bank/pb/events_v1.pb.go:45.57,47.41 2 0
github.com/joseluis8906/project-layout/internal/bank/pb/events_v1.pb.go:47.41,49.34 2 0
github.com/joseluis8906/project-layout/internal/bank/pb/events_v1.pb.go:49.34,51.4 1 0
github.com/joseluis8906/project-layout/internal/bank/pb/events_v1.pb.go:52.3,52.12 1 0
github.com/joseluis8906/project-layout/internal/bank/pb/events_v1.pb.go:54.2,54.24 1 0
github.com/joseluis8906/project-layout/internal/bank/pb/events_v1.pb.go:58.48,60.2 1 0
github.com/joseluis8906/project-layout/internal/bank/pb/events_v1.pb.go:72.44,74.29 2 0
github.com/joseluis8906/project-layout/internal/bank/pb/events_v1.pb.go:74.29,78.3 3 0
github.com/joseluis8906/project-layout/internal/bank/pb/events_v1.pb.go:81.52,83.2 1 0
github.com/joseluis8906/project-layout/internal/bank/pb/events_v1.pb.go:85.50,85.51 0 0
github.com/joseluis8906/project-layout/internal/bank/pb/events_v1.pb.go:87.72,89.41 2 0
github.com/joseluis8906/project-layout/internal/bank/pb/events_v1.pb.go:89.41,91.34 2 0
github.com/joseluis8906/project-layout/internal/bank/pb/events_v1.pb.go:91.34,93.4 1 0
github.com/joseluis8906/project-layout/internal/bank/pb/events_v1.pb.go:94.3,94.12 1 0
github.com/joseluis8906/project-layout/internal/bank/pb/events_v1.pb.go:96.2,96.24 1 0
github.com/joseluis8906/project-layout/internal/bank/pb/events_v1.pb.go:100.63,102.2 1 0
github.com/joseluis8906/project-layout/internal/bank/pb/events_v1.pb.go:104.51,105.14 1 0
github.com/joseluis8906/project-layout/internal/bank/pb/events_v1.pb.go:105.14,107.3 1 0
github.com/joseluis8906/project-layout/internal/bank/pb/events_v1.pb.go:108.2,108.11 1 0
github.com/joseluis8906/project-layout/internal/bank/pb/events_v1.pb.go:111.58,112.14 1 0
github.com/joseluis8906/project-layout/internal/bank/pb/events_v1.pb.go:112.14,114.3 1 0
github.com/joseluis8906/project-layout/internal/bank/pb/events_v1.pb.go:115.2,115.10 1 0
github.com/joseluis8906/project-layout/internal/bank/pb/events_v1.pb.go:118.89,119.14 1 0
github.com/joseluis8906/project-layout/internal/bank/pb/events_v1.pb.go:119.14,121.3 1 0
github.com/joseluis8906/project-layout/internal/bank/pb/events_v1.pb.go:122.2,122.12 1 0
github.com/joseluis8906/project-layout/internal/bank/pb/events_v1.pb.go:135.44,137.29 2 0
github.com/joseluis8906/project-layout/internal/bank/pb/events_v1.pb.go:137.29,141.3 3 0
github.com/joseluis8906/project-layout/internal/bank/pb/events_v1.pb.go:144.52,146.2 1 0
github.com/joseluis8906/project-layout/internal/bank/pb/events_v1.pb.go:148.50,148.51 0 0
github.com/joseluis8906/project-layout/internal/bank/pb/events_v1.pb.go:150.72,152.41 2 0
github.com/joseluis8906/project-layout/internal/bank/pb/events_v1.pb.go:152.41,154.34 2 0
github.com/joseluis8906/project-layout/internal/bank/pb/events_v1.pb.go:154.34,156.4 1 0
github.com/joseluis8906/project-layout/internal/bank/pb/events_v1.pb.go:157.3,157.12 1 0
github.com/joseluis8906/project-layout/internal/bank/pb/events_v1.pb.go:159.2,159.24 1 0
github.com/joseluis8906/project-layout/internal/bank/pb/events_v1.pb.go:163.63,165.2 1 0
github.com/joseluis8906/project-layout/internal/bank/pb/events_v1.pb.go:167.51,168.14 1 0
github.com/joseluis8906/project-layout/internal/bank/pb/events_v1.pb.go:168.14,170.3 1 0
github.com/joseluis8906/project-layout/internal/bank/pb/events_v1.pb.go:171.2,171.11 1 0
github.com/joseluis8906/project-layout/internal/bank/pb/events_v1.pb.go:174.58,175.14 1 0
github.com/joseluis8906/project-layout/internal/bank/pb/events_v1.pb.go:175.14,177.3 1 0
github.com/joseluis8906/project-layout/internal/bank/pb/events_v1.pb.go:178.2,178.10 1 0
github.com/joseluis8906/project-layout/internal/bank/pb/events_v1.pb.go:181.89,182.14 1 0
github.com/joseluis8906/project-layout/internal/bank/pb/events_v1.pb.go:182.14,184.3 1 0
github.com/joseluis8906/project-layout/internal/bank/pb/events_v1.pb.go:185.2,185.12 1 0
github.com/joseluis8906/project-layout/internal/bank/pb/events_v1.pb.go:198.45,200.29 2 0
github.com/joseluis8906/project-layout/internal/bank/pb/events_v1.pb.go:200.29,204.3 3 0
github.com/joseluis8906/project-layout/internal/bank/pb/events_v1.pb.go:207.53,209.2 1 0
github.com/joseluis8906/project-layout/internal/bank/pb/events_v1.pb.go:211.51,211.52 0 0
github.com/joseluis8906/project-layout/internal/bank/pb/events_v1.pb.go:213.73,215.41 2 0
github.com/joseluis8906/project-layout/internal/bank/pb/events_v1.pb.go:215.41,217.34 2 0
github.com/joseluis8906/project-layout/internal/bank/pb/events_v1.pb.go:217.34,219.4 1 0
github.com/joseluis8906/project-layout/internal/bank/pb/events_v1.pb.go:220.3,220.12 1 0
github.com/joseluis8906/project-layout/internal/bank/pb/events_v1.pb.go:222.2,222.24 1 0
github.com/joseluis8906/project-layout/internal/bank/pb/events_v1.pb.go:226.64,228.2 1 0
github.com/joseluis8906/project-layout/internal/bank/pb/events_v1.pb.go:230.52,231.14 1 0
github.com/joseluis8906/project-layout/internal/bank/pb/events_v1.pb.go:231.14,233.3 1 0
github.com/joseluis8906/project-layout/internal/bank/pb/events_v1.pb.go:234.2,234.11 1 0
github.com/joseluis8906/project-layout/internal/bank/pb/events_v1.pb.go:237.59,238.14 1 0
github.com/joseluis8906/project-layout/internal/bank/pb/events_v1.pb.go:238.14,240.3 1 0
github.com/joseluis8906/project-layout/internal/bank/pb/events_v1.pb.go:241.2,241.10 1 0
github.com/joseluis8906/project-layout/internal/bank/pb/events_v1.pb.go:244.91,245.14 1 0
github.com/joseluis8906/project-layout/internal/bank/pb/events_v1.pb.go:245.14,247.3 1 0
github.com/joseluis8906/project-layout/internal/bank/pb/events_v1.pb.go:248.2,248.12 1 0
github.com/joseluis8906/project-layout/internal/bank/pb/events_v1.pb.go:260.55,262.29 2 0
github.com/joseluis8906/project-layout/internal/bank/pb/events_v1.pb.go:262.29,266.3 3 0
github.com/joseluis8906/project-layout/internal/bank/pb/events_v1.pb.go:269.63,271.2 1 0
github.com/joseluis8906/project-layout/internal/bank/pb/events_v1.pb.go:273.61,273.62 0 0
github.com/joseluis8906/project-layout/internal/bank/pb/events_v1.pb.go:275.83,277.41 2 0
github.com/joseluis8906/project-layout/internal/bank/pb/events_v1.pb.go:277.41,279.34 2 0
github.com/joseluis8906/project-layout/internal/bank/pb/events_v1.pb.go:279.34,281.4 1 0
github.com/joseluis8906/project-layout/internal/bank/pb/events_v1.pb.go:282.3,282.12 1 0
github.com/joseluis8906/project-layout/internal/bank/pb/events_v1.pb.go:284.2,284.24 1 0
github.com/joseluis8906/project-layout/internal/bank/pb/events_v1.pb.go:288.74,290.2 1 0
github.com/joseluis8906/project-layout/internal/bank/pb/events_v1.pb.go:292.64,293.14 1 0
github.com/joseluis8906/project-layout/internal/bank/pb/events_v1.pb.go:293.14,295.3 1 0
github.com/joseluis8906/project-layout/internal/bank/pb/events_v1.pb.go:296.2,296.11 1 0
github.com/joseluis8906/project-layout/internal/bank/pb/events_v1.pb.go:299.66,300.14 1 0
github.com/joseluis8906/project-layout/internal/bank/pb/events_v1.pb.go:300.14,302.3 1 0
github.com/joseluis8906/project-layout/internal/bank/pb/events_v1.pb.go:303.2,303.11 1 0
github.com/joseluis8906/project-layout/internal/bank/pb/events_v1.pb.go:316.55,318.29 2 0
github.com/joseluis8906/project-layout/internal/bank/pb/events_v1.pb.go:318.29,322.3 3 0
github.com/joseluis8906/project-layout/internal/bank/pb/events_v1.pb.go:325.63,327.2 1 0
github.com/joseluis8906/project-layout/internal/bank/pb/events_v1.pb.go:329.61,329.62 0 0
github.com/joseluis8906/project-layout/internal/bank/pb/events_v1.pb.go:331.83,333.41 2 0
github.com/joseluis8906/project-layout/internal/bank/pb/events_v1.pb.go:333.41,335.34 2 0
github.com/joseluis8906/project-layout/internal/bank/pb/events_v1.pb.go:335.34,337.4 1 0
github.com/joseluis8906/project-layout/internal/bank/pb/events_v1.pb.go:338.3,338.12 1 0
github.com/joseluis8906/project-layout/internal/bank/pb/events_v1.pb.go:340.2,340.24 1 0
github.com/joseluis8906/project-layout/internal/bank/pb/events_v1.pb.go:344.74,346.2 1 0
github.com/joseluis8906/project-layout/internal/bank/pb/events_v1.pb.go:348.64,349.14 1 0
github.com/joseluis8906/project-layout/internal/bank/pb/events_v1.pb.go:349.14,351.3 1 0
github.com/joseluis8906/project-layout/internal/bank/pb/events_v1.pb.go:352.2,352.11 1 0
github.com/joseluis8906/project-layout/internal/bank/pb/events_v1.pb.go:355.66,356.14 1 0
github.com/joseluis8906/project-layout/internal/bank/pb/events_v1.pb.go:356.14,358.3 1 0
github.com/joseluis8906/project-layout/internal/bank/pb/events_v1.pb.go:359.2,359.11 1 0
github.com/joseluis8906/project-layout/internal/bank/pb/events_v1.pb.go:362.69,363.14 1 0
github.com/joseluis8906/project-layout/internal/bank/pb/events_v1.pb.go:363.14,365.3 1 0
github.com/joseluis8906/project-layout/internal/bank/pb/events_v1.pb.go:366.2,366.12 1 0
github.com/joseluis8906/project-layout/internal/bank/pb/events_v1.pb.go:379.56,381.29 2 0
github.com/joseluis8906/project-layout/internal/bank/pb/events_v1.pb.go:381.29,385.3 3 0
github.com/joseluis8906/project-layout/internal/bank/pb/events_v1.pb.go:388.64,390.2 1 0
github.com/joseluis8906/project-layout/internal/bank/pb/events_v1.pb.go:392.62,392.63 0 0
github.com/joseluis8906/project-layout/internal/bank/pb/events_v1.pb.go:394.84,396.41 2 0
github.com/joseluis8906/project-layout/internal/bank/pb/events_v1.pb.go:396.41,398.34 2 0
github.com/joseluis8906/project-layout/internal/bank/pb/events_v1.pb.go:398.34,400.4 1 0
github.com/joseluis8906/project-layout/internal/bank/pb/events_v1.pb.go:401.3,401.12 1 0
github.com/joseluis8906/project-layout/internal/bank/pb/events_v1.pb.go:403.2,403.24 1 0
github.com/joseluis8906/project-layout/internal/bank/pb/events_v1.pb.go:407.75,409.2 1 0
github.com/joseluis8906/project-layout/internal/bank/pb/events_v1.pb.go:411.65,412.14 1 0
github.com/joseluis8906/project-layout/internal/bank/pb/events_v1.pb.go:412.14,414.3 1 0
github.com/joseluis8906/project-layout/internal/bank/pb/events_v1.pb.go:415.2,415.11 1 0
github.com/joseluis8906/project-layout/internal/bank/pb/events_v1.pb.go:418.67,419.14 1 0
github.com/joseluis8906/project-layout/internal/bank/pb/events_v1.pb.go:419.14,421.3 1 0
github.com/joseluis8906/project-layout/internal/bank/pb/events_v1.pb.go:422.2,422.11 1 0
github.com/joseluis8906/project-layout/internal/bank/pb/events_v1.pb.go:425.70,426.14 1 0
github.com/joseluis8906/project-layout/internal/bank/pb/events_v1.pb.go:426.14,428.3 1 0
github.com/joseluis8906/project-layout/internal/bank/pb/events_v1.pb.go:429.2,429.12 1 0
github.com/joseluis8906/project-layout/internal/bank/pb/events_v1.pb.go:493.53,494.50 1 0
github.com/joseluis8906/project-layout/internal/bank/pb/events_v1.pb.go:494.50,496.3 1 0
github.com/joseluis8906/project-layout/internal/bank/pb/events_v1.pb.go:497.2,497.46 1 0
github.com/joseluis8906/project-layout/internal/bank/pb/events_v1.pb.go:524.13,524.49 1 0
github.com/joseluis8906/project-layout/internal/bank/pb/events_v1.pb.go:525.39,526.38 1 0
github.com/joseluis8906/project-layout/internal/bank/pb/events_v1.pb.go:526.38,528.3 1 0
github.com/joseluis8906/project-layout/internal/bank/pb/events_v1.pb.go:529.2,529.30 1 0
github.com/joseluis8906/project-layout/internal/bank/pb/events_v1.pb.go:529.30,530.91 1 0
github.com/joseluis8906/project-layout/internal/bank/pb/events_v1.pb.go:530.91,531.34 1 0
github.com/joseluis8906/project-layout/internal/bank/pb/events_v1.pb.go:532.11,533.20 1 0
github.com/joseluis8906/project-layout/internal/bank/pb/events_v1.pb.go:534.11,535.24 1 0
github.com/joseluis8906/project-layout/internal/bank/pb/events_v1.pb.go:536.11,537.28 1 0
github.com/joseluis8906/project-layout/internal/bank/pb/events_v1.pb.go:538.12,539.15 1 0
github.com/joseluis8906/project-layout/internal/bank/pb/events_v1.pb.go:542.3,542.91 1 0
github.com/joseluis8906/project-layout/internal/bank/pb/events_v1.pb.go:542.91,543.49 1 0
github.com/joseluis8906/project-layout/internal/bank/pb/events_v1.pb.go:544.11,545.20 1 0
github.com/joseluis8906/project-layout/internal/bank/pb/events_v1.pb.go:546.11,547.24 1 0
github.com/joseluis8906/project-layout/internal/bank/pb/events_v1.pb.go:548.11,549.28 1 0
github.com/joseluis8906/project-layout/internal/bank/pb/events_v1.pb.go:550.12,551.15 1 0
github.com/joseluis8906/project-layout/internal/bank/pb/events_v1.pb.go:554.3,554.91 1 0
github.com/joseluis8906/project-layout/internal/bank/pb/events_v1.pb.go:554.91,555.49 1 0
github.com/joseluis8906/project-layout/internal/bank/pb/events_v1.pb.go:556.11,557.20 1 0
github.com/joseluis8906/project-layout/internal/bank/pb/events_v1.pb.go:558.11,559.24 1 0
github.com/joseluis8906/project-layout/internal/bank/pb/events_v1.pb.go:560.11,561.28 1 0
github.com/joseluis8906/project-layout/internal/bank/pb/events_v1.pb.go:562.12,563.15 1 0
github.com/joseluis8906/project-layout/internal/bank/pb/events_v1.pb.go:566.3,566.91 1 0
github.com/joseluis8906/project-layout/internal/bank/pb/events_v1.pb.go:566.91,567.50 1 0
github.com/joseluis8906/project-layout/internal/bank/pb/events_v1.pb.go:568.11,569.20 1 0
github.com/joseluis8906/project-layout/internal/bank/pb/events_v1.pb.go:570.11,571.24 1 0
github.com/joseluis8906/project-layout/internal/bank/pb/events_v1.pb.go:572.11,573.28 1 0
github.com/joseluis8906/project-layout/internal/bank/pb/events_v1.pb.go:574.12,575.15 1 0
github.com/joseluis8906/project-layout/internal/bank/pb/events_v1.pb.go:578.3,578.91 1 0
github.com/joseluis8906/project-layout/internal/bank/pb/events_v1.pb.go:578.91,579.60 1 0
github.com/joseluis8906/project-layout/internal/bank/pb/events_v1.pb.go:580.11,581.20 1 0
github.com/joseluis8906/project-layout/internal/bank/pb/events_v1.pb.go:582.11,583.24 1 0
github.com/joseluis8906/project-layout/internal/bank/pb/events_v1.pb.go:584.11,585.28 1 0
github.com/joseluis8906/project-layout/internal/bank/pb/events_v1.pb.go:586.12,587.15 1 0
github.com/joseluis8906/project-layout/internal/bank/pb/events_v1.pb.go:590.3,590.91 1 0
github.com/joseluis8906/project-layout/internal/bank/pb/events_v1.pb.go:590.91,591.60 1 0
github.com/joseluis8906/project-layout/internal/bank/pb/events_v1.pb.go:592.11,593.20 1 0
github.com/joseluis8906/project-layout/internal/bank/pb/events_v1.pb.go:594.11,595.24 1 0
github.com/joseluis8906/project-layout/internal/bank/pb/events_v1.pb.go:596.11,597.28 1 0
github.com/joseluis8906/project-layout/internal/bank/pb/events_v1.pb.go:598.12,599.15 1 0
github.com/joseluis8906/project-layout/internal/bank/pb/events_v1.pb.go:602.3,602.91 1 0
github.com/joseluis8906/project-layout/internal/bank/pb/events_v1.pb.go:602.91,603.61 1 0
github.com/joseluis8906/project-layout/internal/bank/pb/events_v1.pb.go:604.11,605.20 1 0
github.com/joseluis8906/project-layout/internal/bank/pb/events_v1.pb.go:606.11,607.24 1 0
github.com/joseluis8906/project-layout/internal/bank/pb/events_v1.pb.go:608.11,609.28 1 0
github.com/joseluis8906/project-layout/internal/bank/pb/events_v1.pb.go:610.12,611.15 1 0
github.com/joseluis8906/project-layout/internal/bank/pb/events_v1.pb.go:615.2,632.41 6 0
github.com/joseluis8906/project-layout/internal/bank/pb/tx.pb.go:33.29,35.29 2 0
github.com/joseluis8906/project-layout/internal/bank/pb/tx.pb.go:35.29,39.3 3 0
github.com/joseluis8906/project-layout/internal/bank/pb/tx.pb.go:42.37,44.2 1 0
github.com/joseluis8906/project-layout/internal/bank/pb/tx.pb.go:46.35,46.36 0 0
github.com/joseluis8906/project-layout/internal/bank/pb/tx.pb.go:48.57,50.41 2 0
github.com/joseluis8906/project-layout/internal/bank/pb/tx.pb.go:50.41,52.34 2 0
github.com/joseluis8906/project-layout/internal/bank/pb/tx.pb.go:52.34,54.4 1 0
github.com/joseluis8906/project-layout/internal/bank/pb/tx.pb.go:55.3,55.12 1 0
github.com/joseluis8906/project-layout/internal/bank/pb/tx.pb.go:57.2,57.24 1 0
github.com/joseluis8906/project-layout/internal/bank/pb/tx.pb.go:61.48,63.2 1 0
github.com/joseluis8906/project-layout/internal/bank/pb/tx.pb.go:65.38,66.14 1 0
github.com/joseluis8906/project-layout/internal/bank/pb/tx.pb.go:66.14,68.3 1 0
github.com/joseluis8906/project-layout/internal/bank/pb/tx.pb.go:69.2,69.11 1 0
github.com/joseluis8906/project-layout/internal/bank/pb/tx.pb.go:72.40,73.14 1 0
github.com/joseluis8906/project-layout/internal/bank/pb/tx.pb.go:73.14,75.3 1 0
github.com/joseluis8906/project-layout/internal/bank/pb/tx.pb.go:76.2,76.11 1 0
github.com/joseluis8906/project-layout/internal/bank/pb/tx.pb.go:88.35,90.29 2 0
github.com/joseluis8906/project-layout/internal/bank/pb/tx.pb.go:90.29,94.3 3 0
github.com/joseluis8906/project-layout/internal/bank/pb/tx.pb.go:97.43,99.2 1 0
github.com/joseluis8906/project-layout/internal/bank/pb/tx.pb.go:101.41,101.42 0 0
github.com/joseluis8906/project-layout/internal/bank/pb/tx.pb.go:103.63,105.41 2 0
github.com/joseluis8906/project-layout/internal/bank/pb/tx.pb.go:105.41,107.34 2 0
github.com/joseluis8906/project-layout/internal/bank/pb/tx.pb.go:107.34,109.4 1 0
github.com/joseluis8906/project-layout/internal/bank/pb/tx.pb.go:110.3,110.12 1 0
github.com/joseluis8906/project-layout/internal/bank/pb/tx.pb.go:112.2,112.24 1 0
github.com/joseluis8906/project-layout/internal/bank/pb/tx.pb.go:116.54,118.2 1 0
github.com/joseluis8906/project-layout/internal/bank/pb/tx.pb.go:120.51,121.14 1 0
github.com/joseluis8906/project-layout/internal/bank/pb/tx.pb.go:121.14,123.3 1 0
github.com/joseluis8906/project-layout/internal/bank/pb/tx.pb.go:124.2,124.12 1 0
github.com/joseluis8906/project-layout/internal/bank/pb/tx.pb.go:127.49,128.14 1 0
github.com/joseluis8906/project-layout/internal/bank/pb/tx.pb.go:128.14,130.3 1 0
github.com/joseluis8906/project-layout/internal/bank/pb/tx.pb.go:131.2,131.12 1 0
github.com/joseluis8906/project-layout/internal/bank/pb/tx.pb.go:142.36,144.29 2 0
github.com/joseluis8906/project-layout/internal/bank/pb/tx.pb.go:144.29,148.3 3 0
github.com/joseluis8906/project-layout/internal/bank/pb/tx.pb.go:151.44,153.2 1 0
github.com/joseluis8906/project-layout/internal/bank/pb/tx.pb.go:155.42,155.43 0 0
github.com/joseluis8906/project-layout/internal/bank/pb/tx.pb.go:157.64,159.41 2 0
github.com/joseluis8906/project-layout/internal/bank/pb/tx.pb.go:159.41,161.34 2 0
github.com/joseluis8906/project-layout/internal/bank/pb/tx.pb.go:161.34,163.4 1 0
github.com/joseluis8906/project-layout/internal/bank/pb/tx.pb.go:164.3,164.12 1 0
github.com/joseluis8906/project-layout/internal/bank/pb/tx.pb.go:166.2,166.24 1 0
github.com/joseluis8906/project-layout/internal/bank/pb/tx.pb.go:170.55,172.2 1 0
github.com/joseluis8906/project-layout/internal/bank/pb/tx.pb.go:174.47,175.14 1 0
github.com/joseluis8906/project-layout/internal/bank/pb/tx.pb.go:175.14,177.3 1 0
github.com/joseluis8906/project-layout/internal/bank/pb/tx.pb.go:178.2,178.11 1 0
github.com/joseluis8906/project-layout/internal/bank/pb/tx.pb.go:190.40,192.29 2 0
github.com/joseluis8906/project-layout/internal/bank/pb/tx.pb.go:192.29,196.3 3 0
github.com/joseluis8906/project-layout/internal/bank/pb/tx.pb.go:199.48,201.2 1 0
github.com/joseluis8906/project-layout/internal/bank/pb/tx.pb.go:203.46,203.47 0 0
github.com/joseluis8906/project-layout/internal/bank/pb/tx.pb.go:205.68,207.41 2 0
github.com/joseluis8906/project-layout/internal/bank/pb/tx.pb.go:207.41,209.34 2 0
github.com/joseluis8906/project-layout/internal/bank/pb/tx.pb.go:209.34,211.4 1 0
github.com/joseluis8906/project-layout/internal/bank/pb/tx.pb.go:212.3,212.12 1 0
github.com/joseluis8906/project-layout/internal/bank/pb/tx.pb.go:214.2,214.24 1 0
github.com/joseluis8906/project-layout/internal/bank/pb/tx.pb.go:218.59,220.2 1 0
github.com/joseluis8906/project-layout/internal/bank/pb/tx.pb.go:222.56,223.14 1 0
github.com/joseluis8906/project-layout/internal/bank/pb/tx.pb.go:223.14,225.3 1 0
github.com/joseluis8906/project-layout/internal/bank/pb/tx.pb.go:226.2,226.12 1 0
github.com/joseluis8906/project-layout/internal/bank/pb/tx.pb.go:229.54,230.14 1 0
github.com/joseluis8906/project-layout/internal/bank/pb/tx.pb.go:230.14,232.3 1 0
github.com/joseluis8906/project-layout/internal/bank/pb/tx.pb.go:233.2,233.12 1 0
github.com/joseluis8906/project-layout/internal/bank/pb/tx.pb.go:244.41,246.29 2 0
github.com/joseluis8906/project-layout/internal/bank/pb/tx.pb.go:246.29,250.3 3 0
github.com/joseluis8906/project-layout/internal/bank/pb/tx.pb.go:253.49,255.2 1 0
github.com/joseluis8906/project-layout/internal/bank/pb/tx.pb.go:257.47,257.48 0 0
github.com/joseluis8906/project-layout/internal/bank/pb/tx.pb.go:259.69,261.41 2 0
github.com/joseluis8906/project-layout/internal/bank/pb/tx.pb.go:261.41,263.34 2 0
github.com/joseluis8906/project-layout/internal/bank/pb/tx.pb.go:263.34,265.4 1 0
github.com/joseluis8906/project-layout/internal/bank/pb/tx.pb.go:266.3,266.12 1 0
github.com/joseluis8906/project-layout/internal/bank/pb/tx.pb.go:268.2,268.24 1 0
github.com/joseluis8906/project-layout/internal/bank/pb/tx.pb.go:272.60,274.2 1 0
github.com/joseluis8906/project-layout/internal/bank/pb/tx.pb.go:276.52,277.14 1 0
github.com/joseluis8906/project-layout/internal/bank/pb/tx.pb.go:277.14,279.3 1 0
github.com/joseluis8906/project-layout/internal/bank/pb/tx.pb.go:280.2,280.11 1 0
github.com/joseluis8906/project-layout/internal/bank/pb/tx.pb.go:332.46,333.43 1 0
github.com/joseluis8906/project-layout/internal/bank/pb/tx.pb.go:333.43,335.3 1 0
github.com/joseluis8906/project-layout/internal/bank/pb/tx.pb.go:336.2,336.39 1 0
github.com/joseluis8906/project-layout/internal/bank/pb/tx.pb.go:364.13,364.42 1 0
github.com/joseluis8906/project-layout/internal/bank/pb/tx.pb.go:365.32,366.31 1 0
github.com/joseluis8906/project-layout/internal/bank/pb/tx.pb.go:366.31,368.3 1 0
github.com/joseluis8906/project-layout/internal/bank/pb/tx.pb.go:369.2,369.30 1 0
github.com/joseluis8906/project-layout/internal/bank/pb/tx.pb.go:369.30,370.84 1 0
github.com/joseluis8906/project-layout/internal/bank/pb/tx.pb.go:370.84,371.34 1 0
github.com/joseluis8906/project-layout/internal/bank/pb/tx.pb.go:372.11,373.20 1 0
github.com/joseluis8906/project-layout/internal/bank/pb/tx.pb.go:374.11,375.24 1 0
github.com/joseluis8906/project-layout/internal/bank/pb/tx.pb.go:376.11,377.28 1 0
github.com/joseluis8906/project-layout/internal/bank/pb/tx.pb.go:378.12,379.15 1 0
github.com/joseluis8906/project-layout/internal/bank/pb/tx.pb.go:382.3,382.84 1 0
github.com/joseluis8906/project-layout/internal/bank/pb/tx.pb.go:382.84,383.40 1 0
github.com/joseluis8906/project-layout/internal/bank/pb/tx.pb.go:384.11,385.20 1 0
github.com/joseluis8906/project-layout/internal/bank/pb/tx.pb.go:386.11,387.24 1 0
github.com/joseluis8906/project-layout/internal/bank/pb/tx.pb.go:388.11,389.28 1 0
github.com/joseluis8906/project-layout/internal/bank/pb/tx.pb.go:390.12,391.15 1 0
github.com/joseluis8906/project-layout/internal/bank/pb/tx.pb.go:394.3,394.84 1 0
github.com/joseluis8906/project-layout/internal/bank/pb/tx.pb.go:394.84,395.41 1 0
github.com/joseluis8906/project-layout/internal/bank/pb/tx.pb.go:396.11,397.20 1 0
github.com/joseluis8906/project-layout/internal/bank/pb/tx.pb.go:398.11,399.24 1 0
github.com/joseluis8906/project-layout/internal/bank/pb/tx.pb.go:400.11,401.28 1 0
github.com/joseluis8906/project-layout/internal/bank/pb/tx.pb.go:402.12,403.15 1 0
github.com/joseluis8906/project-layout/internal/bank/pb/tx.pb.go:406.3,406.84 1 0
github.com/joseluis8906/project-layout/internal/bank/pb/tx.pb.go:406.84,407.45 1 0
github.com/joseluis8906/project-layout/internal/bank/pb/tx.pb.go:408.11,409.20 1 0
github.com/joseluis8906/project-layout/internal/bank/pb/tx.pb.go:410.11,411.24 1 0
github.com/joseluis8906/project-layout/internal/bank/pb/tx.pb.go:412.11,413.28 1 0
github.com/joseluis8906/project-layout/internal/bank/pb/tx.pb.go:414.12,415.15 1 0
github.com/joseluis8906/project-layout/internal/bank/pb/tx.pb.go:418.3,418.84 1 0
github.com/joseluis8906/project-layout/internal/bank/pb/tx.pb.go:418.84,419.46 1 0
github.com/joseluis8906/project-layout/internal/bank/pb/tx.pb.go:420.11,421.20 1 0
github.com/joseluis8906/project-layout/internal/bank/pb/tx.pb.go:422.11,423.24 1 0
github.com/joseluis8906/project-layout/internal/bank/pb/tx.pb.go:424.11,425.28 1 0
github.com/joseluis8906/project-layout/internal/bank/pb/tx.pb.go:426.12,427.15 1 0
github.com/joseluis8906/project-layout/internal/bank/pb/tx.pb.go:431.2,448.34 6 0
github.com/joseluis8906/project-layout/internal/bank/pb/tx_grpc.pb.go:38.70,40.2 1 0
github.com/joseluis8906/project-layout/internal/bank/pb/tx_grpc.pb.go:42.130,45.16 3 0
github.com/joseluis8906/project-layout/internal/bank/pb/tx_grpc.pb.go:45.16,47.3 1 0
github.com/joseluis8906/project-layout/internal/bank/pb/tx_grpc.pb.go:48.2,48.17 1 0
github.com/joseluis8906/project-layout/internal/bank/pb/tx_grpc.pb.go:51.145,54.16 3 0
github.com/joseluis8906/project-layout/internal/bank/pb/tx_grpc.pb.go:54.16,56.3 1 0
github.com/joseluis8906/project-layout/internal/bank/pb/tx_grpc.pb.go:57.2,57.17 1 0
github.com/joseluis8906/project-layout/internal/bank/pb/tx_grpc.pb.go:73.108,75.2 1 0
github.com/joseluis8906/project-layout/internal/bank/pb/tx_grpc.pb.go:76.123,78.2 1 0
github.com/joseluis8906/project-layout/internal/bank/pb/tx_grpc.pb.go:79.78,79.79 0 0
github.com/joseluis8906/project-layout/internal/bank/pb/tx_grpc.pb.go:88.76,90.2 1 0
github.com/joseluis8906/project-layout/internal/bank/pb/tx_grpc.pb.go:92.163,94.32 2 0
github.com/joseluis8906/project-layout/internal/bank/pb/tx_grpc.pb.go:94.32,96.3 1 0
github.com/joseluis8906/project-layout/internal/bank/pb/tx_grpc.pb.go:97.2,97.24 1 0
github.com/joseluis8906/project-layout/internal/bank/pb/tx_grpc.pb.go:97.24,99.3 1 0
github.com/joseluis8906/project-layout/internal/bank/pb/tx_grpc.pb.go:100.2,104.77 2 0
github.com/joseluis8906/project-layout/internal/bank/pb/tx_grpc.pb.go:104.77,106.3 1 0
github.com/joseluis8906/project-layout/internal/bank/pb/tx_grpc.pb.go:107.2,107.44 1 0
github.com/joseluis8906/project-layout/internal/bank/pb/tx_grpc.pb.go:110.168,112.32 2 0
github.com/joseluis8906/project-layout/internal/bank/pb/tx_grpc.pb.go:112.32,114.3 1 0
github.com/joseluis8906/project-layout/internal/bank/pb/tx_grpc.pb.go:115.2,115.24 1 0
github.com/joseluis8906/project-layout/internal/bank/pb/tx_grpc.pb.go:115.24,117.3 1 0
github.com/joseluis8906/project-layout/internal/bank/pb/tx_grpc.pb.go:118.2,122.77 2 0
github.com/joseluis8906/project-layout/internal/bank/pb/tx_grpc.pb.go:122.77,124.3 1 0
github.com/joseluis8906/project-layout/internal/bank/pb/tx_grpc.pb.go:125.2,125.44 1 0
github.com/joseluis8906/project-layout/internal/bank/account/account.go:37.32,39.2 1 0
github.com/joseluis8906/project-layout/internal/bank/account/account.go:41.32,47.36 6 1
github.com/joseluis8906/project-layout/internal/bank/account/account.go:47.36,49.3 1 0
github.com/joseluis8906/project-layout/internal/bank/account/account.go:51.2,51.38 1 1
github.com/joseluis8906/project-layout/internal/bank/account/account.go:51.38,53.3 1 1
github.com/joseluis8906/project-layout/internal/bank/account/account.go:55.2,55.44 1 1
github.com/joseluis8906/project-layout/internal/bank/account/account.go:55.44,57.3 1 1
github.com/joseluis8906/project-layout/internal/bank/account/account.go:59.2,59.46 1 1
github.com/joseluis8906/project-layout/internal/bank/account/account.go:59.46,61.3 1 1
github.com/joseluis8906/project-layout/internal/bank/account/account.go:63.2,63.48 1 1
github.com/joseluis8906/project-layout/internal/bank/account/account.go:63.48,65.3 1 1
github.com/joseluis8906/project-layout/internal/bank/account/account.go:67.2,67.12 1 1
github.com/joseluis8906/project-layout/internal/bank/account/account.go:70.51,71.43 1 0
github.com/joseluis8906/project-layout/internal/bank/account/account.go:71.43,73.3 1 0
github.com/joseluis8906/project-layout/internal/bank/account/account.go:75.2,77.12 3 0
github.com/joseluis8906/project-layout/internal/bank/account/account.go:80.50,81.43 1 0
github.com/joseluis8906/project-layout/internal/bank/account/account.go:81.43,83.3 1 0
github.com/joseluis8906/project-layout/internal/bank/account/account.go:85.2,85.38 1 0
github.com/joseluis8906/project-layout/internal/bank/account/account.go:85.38,87.3 1 0
github.com/joseluis8906/project-layout/internal/bank/account/account.go:89.2,91.12 3 0
github.com/joseluis8906/project-layout/internal/bank/account/grpc.go:39.37,48.2 2 0
github.com/joseluis8906/project-layout/internal/bank/account/grpc.go:50.119,62.45 2 1
github.com/joseluis8906/project-layout/internal/bank/account/grpc.go:62.45,65.3 2 0
github.com/joseluis8906/project-layout/internal/bank/account/grpc.go:67.2,68.16 2 1
github.com/joseluis8906/project-layout/internal/bank/account/grpc.go:68.16,71.3 2 0
github.com/joseluis8906/project-layout/internal/bank/account/grpc.go:73.2,81.16 2 1
github.com/joseluis8906/project-layout/internal/bank/account/grpc.go:81.16,84.3 2 0
github.com/joseluis8906/project-layout/internal/bank/account/grpc.go:86.2,86.66 1 1
github.com/joseluis8906/project-layout/internal/bank/account/grpc.go:86.66,89.3 2 0
github.com/joseluis8906/project-layout/internal/bank/account/grpc.go:91.2,91.66 1 1
github.com/joseluis8906/project-layout/internal/bank/account/repository.go:27.47,37.2 3 0
github.com/joseluis8906/project-layout/internal/bank/account/repository.go:39.74,48.16 5 0
github.com/joseluis8906/project-layout/internal/bank/account/repository.go:48.16,50.3 1 0
github.com/joseluis8906/project-layout/internal/bank/account/repository.go:52.2,52.12 1 0
github.com/joseluis8906/project-layout/internal/bank/account/repository.go:55.86,64.34 5 0
github.com/joseluis8906/project-layout/internal/bank/account/repository.go:64.34,66.3 1 0
github.com/joseluis8906/project-layout/internal/bank/account/repository.go:68.2,69.45 2 0
github.com/joseluis8906/project-layout/internal/bank/account/repository.go:69.45,71.3 1 0
github.com/joseluis8906/project-layout/internal/bank/account/repository.go:73.2,73.21 1 0
github.com/joseluis8906/project-layout/internal/bank/pb/account.pb.go:34.40,36.29 2 0
github.com/joseluis8906/project-layout/internal/bank/pb/account.pb.go:36.29,40.3 3 0
github.com/joseluis8906/project-layout/internal/bank/pb/account.pb.go:43.48,45.2 1 0
github.com/joseluis8906/project-layout/internal/bank/pb/account.pb.go:47.46,47.47 0 0
github.com/joseluis8906/project-layout/internal/bank/pb/account.pb.go:49.68,51.41 2 0
github.com/joseluis8906/project-layout/internal/bank/pb/account.pb.go:51.41,53.34 2 0
github.com/joseluis8906/project-layout/internal/bank/pb/account.pb.go:53.34,55.4 1 0
github.com/joseluis8906/project-layout/internal/bank/pb/account.pb.go:56.3,56.12 1 0
github.com/joseluis8906/project-layout/internal/bank/pb/account.pb.go:58.2,58.24 1 0
github.com/joseluis8906/project-layout/internal/bank/pb/account.pb.go:62.59,64.2 1 0
github.com/joseluis8906/project-layout/internal/bank/pb/account.pb.go:66.49,67.14 1 0
github.com/joseluis8906/project-layout/internal/bank/pb/account.pb.go:67.14,69.3 1 0
github.com/joseluis8906/project-layout/internal/bank/pb/account.pb.go:70.2,70.11 1 0
github.com/joseluis8906/project-layout/internal/bank/pb/account.pb.go:73.55,74.14 1 0
github.com/joseluis8906/project-layout/internal/bank/pb/account.pb.go:74.14,76.3 1 0
github.com/joseluis8906/project-layout/internal/bank/pb/account.pb.go:77.2,77.12 1 0
github.com/joseluis8906/project-layout/internal/bank/pb/account.pb.go:80.71,81.14 1 0
github.com/joseluis8906/project-layout/internal/bank/pb/account.pb.go:81.14,83.3 1 0
github.com/joseluis8906/project-layout/internal/bank/pb/account.pb.go:84.2,84.12 1 0
github.com/joseluis8906/project-layout/internal/bank/pb/account.pb.go:95.41,97.29 2 0
github.com/joseluis8906/project-layout/internal/bank/pb/account.pb.go:97.29,101.3 3 0
github.com/joseluis8906/project-layout/internal/bank/pb/account.pb.go:104.49,106.2 1 0
github.com/joseluis8906/project-layout/internal/bank/pb/account.pb.go:108.47,108.48 0 0
github.com/joseluis8906/project-layout/internal/bank/pb/account.pb.go:110.69,112.41 2 0
github.com/joseluis8906/project-layout/internal/bank/pb/account.pb.go:112.41,114.34 2 0
github.com/joseluis8906/project-layout/internal/bank/pb/account.pb.go:114.34,116.4 1 0
github.com/joseluis8906/project-layout/internal/bank/pb/account.pb.go:117.3,117.12 1 0
github.com/joseluis8906/project-layout/internal/bank/pb/account.pb.go:119.2,119.24 1 0
github.com/joseluis8906/project-layout/internal/bank/pb/account.pb.go:123.60,125.2 1 0
github.com/joseluis8906/project-layout/internal/bank/pb/account.pb.go:127.52,128.14 1 0
github.com/joseluis8906/project-layout/internal/bank/pb/account.pb.go:128.14,130.3 1 0
github.com/joseluis8906/project-layout/internal/bank/pb/account.pb.go:131.2,131.11 1 0
github.com/joseluis8906/project-layout/internal/bank/pb/account.pb.go:145.46,147.29 2 0
github.com/joseluis8906/project-layout/internal/bank/pb/account.pb.go:147.29,151.3 3 0
github.com/joseluis8906/project-layout/internal/bank/pb/account.pb.go:154.54,156.2 1 0
github.com/joseluis8906/project-layout/internal/bank/pb/account.pb.go:158.52,158.53 0 0
github.com/joseluis8906/project-layout/internal/bank/pb/account.pb.go:160.74,162.41 2 0
github.com/joseluis8906/project-layout/internal/bank/pb/account.pb.go:162.41,164.34 2 0
github.com/joseluis8906/project-layout/internal/bank/pb/account.pb.go:164.34,166.4 1 0
github.com/joseluis8906/project-layout/internal/bank/pb/account.pb.go:167.3,167.12 1 0
github.com/joseluis8906/project-layout/internal/bank/pb/account.pb.go:169.2,169.24 1 0
github.com/joseluis8906/project-layout/internal/bank/pb/account.pb.go:173.65,175.2 1 0
github.com/joseluis8906/project-layout/internal/bank/pb/account.pb.go:177.53,178.14 1 0
github.com/joseluis8906/project-layout/internal/bank/pb/account.pb.go:178.14,180.3 1 0
github.com/joseluis8906/project-layout/internal/bank/pb/account.pb.go:181.2,181.11 1 0
github.com/joseluis8906/project-layout/internal/bank/pb/account.pb.go:184.56,185.14 1 0
github.com/joseluis8906/project-layout/internal/bank/pb/account.pb.go:185.14,187.3 1 0
github.com/joseluis8906/project-layout/internal/bank/pb/account.pb.go:188.2,188.11 1 0
github.com/joseluis8906/project-layout/internal/bank/pb/account.pb.go:191.58,192.14 1 0
github.com/joseluis8906/project-layout/internal/bank/pb/account.pb.go:192.14,194.3 1 0
github.com/joseluis8906/project-layout/internal/bank/pb/account.pb.go:195.2,195.11 1 0
github.com/joseluis8906/project-layout/internal/bank/pb/account.pb.go:198.59,199.14 1 0
github.com/joseluis8906/project-layout/internal/bank/pb/account.pb.go:199.14,201.3 1 0
github.com/joseluis8906/project-layout/internal/bank/pb/account.pb.go:202.2,202.11 1 0
github.com/joseluis8906/project-layout/internal/bank/pb/account.pb.go:246.51,247.48 1 0
github.com/joseluis8906/project-layout/internal/bank/pb/account.pb.go:247.48,249.3 1 0
github.com/joseluis8906/project-layout/internal/bank/pb/account.pb.go:250.2,250.44 1 0
github.com/joseluis8906/project-layout/internal/bank/pb/account.pb.go:272.13,272.47 1 1
github.com/joseluis8906/project-layout/internal/bank/pb/account.pb.go:273.37,274.36 1 1
github.com/joseluis8906/project-layout/internal/bank/pb/account.pb.go:274.36,276.3 1 0
github.com/joseluis8906/project-layout/internal/bank/pb/account.pb.go:277.2,277.30 1 1
github.com/joseluis8906/project-layout/internal/bank/pb/account.pb.go:277.30,278.89 1 0
github.com/joseluis8906/project-layout/internal/bank/pb/account.pb.go:278.89,279.45 1 0
github.com/joseluis8906/project-layout/internal/bank/pb/account.pb.go:280.11,281.20 1 0
github.com/joseluis8906/project-layout/internal/bank/pb/account.pb.go:282.11,283.24 1 0
github.com/joseluis8906/project-layout/internal/bank/pb/account.pb.go:284.11,285.28 1 0
github.com/joseluis8906/project-layout/internal/bank/pb/account.pb.go:286.12,287.15 1 0
github.com/joseluis8906/project-layout/internal/bank/pb/account.pb.go:290.3,290.89 1 0
github.com/joseluis8906/project-layout/internal/bank/pb/account.pb.go:290.89,291.46 1 0
github.com/joseluis8906/project-layout/internal/bank/pb/account.pb.go:292.11,293.20 1 0
github.com/joseluis8906/project-layout/internal/bank/pb/account.pb.go:294.11,295.24 1 0
github.com/joseluis8906/project-layout/internal/bank/pb/account.pb.go:296.11,297.28 1 0
github.com/joseluis8906/project-layout/internal/bank/pb/account.pb.go:298.12,299.15 1 0
github.com/joseluis8906/project-layout/internal/bank/pb/account.pb.go:302.3,302.89 1 0
github.com/joseluis8906/project-layout/internal/bank/pb/account.pb.go:302.89,303.51 1 0
github.com/joseluis8906/project-layout/internal/bank/pb/account.pb.go:304.11,305.20 1 0
github.com/joseluis8906/project-layout/internal/bank/pb/account.pb.go:306.11,307.24 1 0
github.com/joseluis8906/project-layout/internal/bank/pb/account.pb.go:308.11,309.28 1 0
github.com/joseluis8906/project-layout/internal/bank/pb/account.pb.go:310.12,311.15 1 0
github.com/joseluis8906/project-layout/internal/bank/pb/account.pb.go:315.2,332.39 6 1
github.com/joseluis8906/project-layout/internal/bank/pb/account_grpc.pb.go:36.80,38.2 1 0
github.com/joseluis8906/project-layout/internal/bank/pb/account_grpc.pb.go:40.150,43.16 3 0
github.com/joseluis8906/project-layout/internal/bank/pb/account_grpc.pb.go:43.16,45.3 1 0
github.com/joseluis8906/project-layout/internal/bank/pb/account_grpc.pb.go:46.2,46.17 1 0
github.com/joseluis8906/project-layout/internal/bank/pb/account_grpc.pb.go:61.128,63.2 1 0
github.com/joseluis8906/project-layout/internal/bank/pb/account_grpc.pb.go:64.88,64.89 0 0
github.com/joseluis8906/project-layout/internal/bank/pb/account_grpc.pb.go:73.86,75.2 1 0
github.com/joseluis8906/project-layout/internal/bank/pb/account_grpc.pb.go:77.173,79.32 2 0
github.com/joseluis8906/project-layout/internal/bank/pb/account_grpc.pb.go:79.32,81.3 1 0
github.com/joseluis8906/project-layout/internal/bank/pb/account_grpc.pb.go:82.2,82.24 1 0
github.com/joseluis8906/project-layout/internal/bank/pb/account_grpc.pb.go:82.24,84.3 1 0
github.com/joseluis8906/project-layout/internal/bank/pb/account_grpc.pb.go:85.2,89.77 2 0
github.com/joseluis8906/project-layout/internal/bank/pb/account_grpc.pb.go:89.77,91.3 1 0
github.com/joseluis8906/project-layout/internal/bank/pb/account_grpc.pb.go:92.2,92.44 1 0
github.com/joseluis8906/project-layout/internal/bank/pb/events_v1.pb.go:30.29,32.29 2 0
github.com/joseluis8906/project-layout/internal/bank/pb/events_v1.pb.go:32.29,36.3 3 0
github.com/joseluis8906/project-layout/internal/bank/pb/events_v1.pb.go:39.37,41.2 1 0
github.com/joseluis8906/project-layout/internal/bank/pb/events_v1.pb.go:43.35,43.36 0 0
github.com/joseluis8906/project-layout/internal/bank/pb/events_v1.pb.go:45.57,47.41 2 0
github.com/joseluis8906/project-layout/internal/bank/pb/events_v1.pb.go:47.41,49.34 2 0
github.com/joseluis8906/project-layout/internal/bank/pb/events_v1.pb.go:49.34,51.4 1 0
github.com/joseluis8906/project-layout/internal/bank/pb/events_v1.pb.go:52.3,52.12 1 0
github.com/joseluis8906/project-layout/internal/bank/pb/events_v1.pb.go:54.2,54.24 1 0
github.com/joseluis8906/project-layout/internal/bank/pb/events_v1.pb.go:58.48,60.2 1 0
github.com/joseluis8906/project-layout/internal/bank/pb/events_v1.pb.go:72.44,74.29 2 0
github.com/joseluis8906/project-layout/internal/bank/pb/events_v1.pb.go:74.29,78.3 3 0
github.com/joseluis8906/project-layout/internal/bank/pb/events_v1.pb.go:81.52,83.2 1 0
github.com/joseluis8906/project-layout/internal/bank/pb/events_v1.pb.go:85.50,85.51 0 0
github.com/joseluis8906/project-layout/internal/bank/pb/events_v1.pb.go:87.72,89.41 2 1
github.com/joseluis8906/project-layout/internal/bank/pb/events_v1.pb.go:89.41,91.34 2 1
github.com/joseluis8906/project-layout/internal/bank/pb/events_v1.pb.go:91.34,93.4 1 1
github.com/joseluis8906/project-layout/internal/bank/pb/events_v1.pb.go:94.3,94.12 1 1
github.com/joseluis8906/project-layout/internal/bank/pb/events_v1.pb.go:96.2,96.24 1 0
github.com/joseluis8906/project-layout/internal/bank/pb/events_v1.pb.go:100.63,102.2 1 0
github.com/joseluis8906/project-layout/internal/bank/pb/events_v1.pb.go:104.51,105.14 1 0
github.com/joseluis8906/project-layout/internal/bank/pb/events_v1.pb.go:105.14,107.3 1 0
github.com/joseluis8906/project-layout/internal/bank/pb/events_v1.pb.go:108.2,108.11 1 0
github.com/joseluis8906/project-layout/internal/bank/pb/events_v1.pb.go:111.58,112.14 1 0
github.com/joseluis8906/project-layout/internal/bank/pb/events_v1.pb.go:112.14,114.3 1 0
github.com/joseluis8906/project-layout/internal/bank/pb/events_v1.pb.go:115.2,115.10 1 0
github.com/joseluis8906/project-layout/internal/bank/pb/events_v1.pb.go:118.89,119.14 1 0
github.com/joseluis8906/project-layout/internal/bank/pb/events_v1.pb.go:119.14,121.3 1 0
github.com/joseluis8906/project-layout/internal/bank/pb/events_v1.pb.go:122.2,122.12 1 0
github.com/joseluis8906/project-layout/internal/bank/pb/events_v1.pb.go:135.44,137.29 2 0
github.com/joseluis8906/project-layout/internal/bank/pb/events_v1.pb.go:137.29,141.3 3 0
github.com/joseluis8906/project-layout/internal/bank/pb/events_v1.pb.go:144.52,146.2 1 0
github.com/joseluis8906/project-layout/internal/bank/pb/events_v1.pb.go:148.50,148.51 0 0
github.com/joseluis8906/project-layout/internal/bank/pb/events_v1.pb.go:150.72,152.41 2 0
github.com/joseluis8906/project-layout/internal/bank/pb/events_v1.pb.go:152.41,154.34 2 0
github.com/joseluis8906/project-layout/internal/bank/pb/events_v1.pb.go:154.34,156.4 1 0
github.com/joseluis8906/project-layout/internal/bank/pb/events_v1.pb.go:157.3,157.12 1 0
github.com/joseluis8906/project-layout/internal/bank/pb/events_v1.pb.go:159.2,159.24 1 0
github.com/joseluis8906/project-layout/internal/bank/pb/events_v1.pb.go:163.63,165.2 1 0
github.com/joseluis8906/project-layout/internal/bank/pb/events_v1.pb.go:167.51,168.14 1 0
github.com/joseluis8906/project-layout/internal/bank/pb/events_v1.pb.go:168.14,170.3 1 0
github.com/joseluis8906/project-layout/internal/bank/pb/events_v1.pb.go:171.2,171.11 1 0
github.com/joseluis8906/project-layout/internal/bank/pb/events_v1.pb.go:174.58,175.14 1 0
github.com/joseluis8906/project-layout/internal/bank/pb/events_v1.pb.go:175.14,177.3 1 0
github.com/joseluis8906/project-layout/internal/bank/pb/events_v1.pb.go:178.2,178.10 1 0
github.com/joseluis8906/project-layout/internal/bank/pb/events_v1.pb.go:181.89,182.14 1 0
github.com/joseluis8906/project-layout/internal/bank/pb/events_v1.pb.go:182.14,184.3 1 0
github.com/joseluis8906/project-layout/internal/bank/pb/events_v1.pb.go:185.2,185.12 1 0
github.com/joseluis8906/project-layout/internal/bank/pb/events_v1.pb.go:198.45,200.29 2 0
github.com/joseluis8906/project-layout/internal/bank/pb/events_v1.pb.go:200.29,204.3 3 0
github.com/joseluis8906/project-layout/internal/bank/pb/events_v1.pb.go:207.53,209.2 1 0
github.com/joseluis8906/project-layout/internal/bank/pb/events_v1.pb.go:211.51,211.52 0 0
github.com/joseluis8906/project-layout/internal/bank/pb/events_v1.pb.go:213.73,215.41 2 0
github.com/joseluis8906/project-layout/internal/bank/pb/events_v1.pb.go:215.41,217.34 2 0
github.com/joseluis8906/project-layout/internal/bank/pb/events_v1.pb.go:217.34,219.4 1 0
github.com/joseluis8906/project-layout/internal/bank/pb/events_v1.pb.go:220.3,220.12 1 0
github.com/joseluis8906/project-layout/internal/bank/pb/events_v1.pb.go:222.2,222.24 1 0
github.com/joseluis8906/project-layout/internal/bank/pb/events_v1.pb.go:226.64,228.2 1 0
github.com/joseluis8906/project-layout/internal/bank/pb/events_v1.pb.go:230.52,231.14 1 0
github.com/joseluis8906/project-layout/internal/bank/pb/events_v1.pb.go:231.14,233.3 1 0
github.com/joseluis8906/project-layout/internal/bank/pb/events_v1.pb.go:234.2,234.11 1 0
github.com/joseluis8906/project-layout/internal/bank/pb/events_v1.pb.go:237.59,238.14 1 0
github.com/joseluis8906/project-layout/internal/bank/pb/events_v1.pb.go:238.14,240.3 1 0
github.com/joseluis8906/project-layout/internal/bank/pb/events_v1.pb.go:241.2,241.10 1 0
github.com/joseluis8906/project-layout/internal/bank/pb/events_v1.pb.go:244.91,245.14 1 0
github.com/joseluis8906/project-layout/internal/bank/pb/events_v1.pb.go:245.14,247.3 1 0
github.com/joseluis8906/project-layout/internal/bank/pb/events_v1.pb.go:248.2,248.12 1 0
github.com/joseluis8906/project-layout/internal/bank/pb/events_v1.pb.go:260.55,262.29 2 0
github.com/joseluis8906/project-layout/internal/bank/pb/events_v1.pb.go:262.29,266.3 3 0
github.com/joseluis8906/project-layout/internal/bank/pb/events_v1.pb.go:269.63,271.2 1 0
github.com/joseluis8906/project-layout/internal/bank/pb/events_v1.pb.go:273.61,273.62 0 0
github.com/joseluis8906/project-layout/internal/bank/pb/events_v1.pb.go:275.83,277.41 2 1
github.com/joseluis8906/project-layout/internal/bank/pb/events_v1.pb.go:277.41,279.34 2 0
github.com/joseluis8906/project-layout/internal/bank/pb/events_v1.pb.go:279.34,281.4 1 0
github.com/joseluis8906/project-layout/internal/bank/pb/events_v1.pb.go:282.3,282.12 1 0
github.com/joseluis8906/project-layout/internal/bank/pb/events_v1.pb.go:284.2,284.24 1 1
github.com/joseluis8906/project-layout/internal/bank/pb/events_v1.pb.go:288.74,290.2 1 0
github.com/joseluis8906/project-layout/internal/bank/pb/events_v1.pb.go:292.64,293.14 1 0
github.com/joseluis8906/project-layout/internal/bank/pb/events_v1.pb.go:293.14,295.3 1 0
github.com/joseluis8906/project-layout/internal/bank/pb/events_v1.pb.go:296.2,296.11 1 0
github.com/joseluis8906/project-layout/internal/bank/pb/events_v1.pb.go:299.66,300.14 1 0
github.com/joseluis8906/project-layout/internal/bank/pb/events_v1.pb.go:300.14,302.3 1 0
github.com/joseluis8906/project-layout/internal/bank/pb/events_v1.pb.go:303.2,303.11 1 0
github.com/joseluis8906/project-layout/internal/bank/pb/events_v1.pb.go:316.55,318.29 2 0
github.com/joseluis8906/project-layout/internal/bank/pb/events_v1.pb.go:318.29,322.3 3 0
github.com/joseluis8906/project-layout/internal/bank/pb/events_v1.pb.go:325.63,327.2 1 0
github.com/joseluis8906/project-layout/internal/bank/pb/events_v1.pb.go:329.61,329.62 0 0
github.com/joseluis8906/project-layout/internal/bank/pb/events_v1.pb.go:331.83,333.41 2 0
github.com/joseluis8906/project-layout/internal/bank/pb/events_v1.pb.go:333.41,335.34 2 0
github.com/joseluis8906/project-layout/internal/bank/pb/events_v1.pb.go:335.34,337.4 1 0
github.com/joseluis8906/project-layout/internal/bank/pb/events_v1.pb.go:338.3,338.12 1 0
github.com/joseluis8906/project-layout/internal/bank/pb/events_v1.pb.go:340.2,340.24 1 0
github.com/joseluis8906/project-layout/internal/bank/pb/events_v1.pb.go:344.74,346.2 1 0
github.com/joseluis8906/project-layout/internal/bank/pb/events_v1.pb.go:348.64,349.14 1 0
github.com/joseluis8906/project-layout/internal/bank/pb/events_v1.pb.go:349.14,351.3 1 0
github.com/joseluis8906/project-layout/internal/bank/pb/events_v1.pb.go:352.2,352.11 1 0
github.com/joseluis8906/project-layout/internal/bank/pb/events_v1.pb.go:355.66,356.14 1 0
github.com/joseluis8906/project-layout/internal/bank/pb/events_v1.pb.go:356.14,358.3 1 0
github.com/joseluis8906/project-layout/internal/bank/pb/events_v1.pb.go:359.2,359.11 1 0
github.com/joseluis8906/project-layout/internal/bank/pb/events_v1.pb.go:362.69,363.14 1 0
github.com/joseluis8906/project-layout/internal/bank/pb/events_v1.pb.go:363.14,365.3 1 0
github.com/joseluis8906/project-layout/internal/bank/pb/events_v1.pb.go:366.2,366.12 1 0
github.com/joseluis8906/project-layout/internal/bank/pb/events_v1.pb.go:379.56,381.29 2 0
github.com/joseluis8906/project-layout/internal/bank/pb/events_v1.pb.go:381.29,385.3 3 0
github.com/joseluis8906/project-layout/internal/bank/pb/events_v1.pb.go:388.64,390.2 1 0
github.com/joseluis8906/project-layout/internal/bank/pb/events_v1.pb.go:392.62,392.63 0 0
github.com/joseluis8906/project-layout/internal/bank/pb/events_v1.pb.go:394.84,396.41 2 0
github.com/joseluis8906/project-layout/internal/bank/pb/events_v1.pb.go:396.41,398.34 2 0
github.com/joseluis8906/project-layout/internal/bank/pb/events_v1.pb.go:398.34,400.4 1 0
github.com/joseluis8906/project-layout/internal/bank/pb/events_v1.pb.go:401.3,401.12 1 0
github.com/joseluis8906/project-layout/internal/bank/pb/events_v1.pb.go:403.2,403.24 1 0
github.com/joseluis8906/project-layout/internal/bank/pb/events_v1.pb.go:407.75,409.2 1 0
github.com/joseluis8906/project-layout/internal/bank/pb/events_v1.pb.go:411.65,412.14 1 0
github.com/joseluis8906/project-layout/internal/bank/pb/events_v1.pb.go:412.14,414.3 1 0
github.com/joseluis8906/project-layout/internal/bank/pb/events_v1.pb.go:415.2,415.11 1 0
github.com/joseluis8906/project-layout/internal/bank/pb/events_v1.pb.go:418.67,419.14 1 0
github.com/joseluis8906/project-layout/internal/bank/pb/events_v1.pb.go:419.14,421.3 1 0
github.com/joseluis8906/project-layout/internal/bank/pb/events_v1.pb.go:422.2,422.11 1 0
github.com/joseluis8906/project-layout/internal/bank/pb/events_v1.pb.go:425.70,426.14 1 0
github.com/joseluis8906/project-layout/internal/bank/pb/events_v1.pb.go:426.14,428.3 1 0
github.com/joseluis8906/project-layout/internal/bank/pb/events_v1.pb.go:429.2,429.12 1 0
github.com/joseluis8906/project-layout/internal/bank/pb/events_v1.pb.go:493.53,494.50 1 0
github.com/joseluis8906/project-layout/internal/bank/pb/events_v1.pb.go:494.50,496.3 1 0
github.com/joseluis8906/project-layout/internal/bank/pb/events_v1.pb.go:497.2,497.46 1 0
github.com/joseluis8906/project-layout/internal/bank/pb/events_v1.pb.go:524.13,524.49 1 1
github.com/joseluis8906/project-layout/internal/bank/pb/events_v1.pb.go:525.39,526.38 1 1
github.com/joseluis8906/project-layout/internal/bank/pb/events_v1.pb.go:526.38,528.3 1 0
github.com/joseluis8906/project-layout/internal/bank/pb/events_v1.pb.go:529.2,529.30 1 1
github.com/joseluis8906/project-layout/internal/bank/pb/events_v1.pb.go:529.30,530.91 1 0
github.com/joseluis8906/project-layout/internal/bank/pb/events_v1.pb.go:530.91,531.34 1 0
github.com/joseluis8906/project-layout/internal/bank/pb/events_v1.pb.go:532.11,533.20 1 0
github.com/joseluis8906/project-layout/internal/bank/pb/events_v1.pb.go:534.11,535.24 1 0
github.com/joseluis8906/project-layout/internal/bank/pb/events_v1.pb.go:536.11,537.28 1 0
github.com/joseluis8906/project-layout/internal/bank/pb/events_v1.pb.go:538.12,539.15 1 0
github.com/joseluis8906/project-layout/internal/bank/pb/events_v1.pb.go:542.3,542.91 1 0
github.com/joseluis8906/project-layout/internal/bank/pb/events_v1.pb.go:542.91,543.49 1 0
github.com/joseluis8906/project-layout/internal/bank/pb/events_v1.pb.go:544.11,545.20 1 0
github.com/joseluis8906/project-layout/internal/bank/pb/events_v1.pb.go:546.11,547.24 1 0
github.com/joseluis8906/project-layout/internal/bank/pb/events_v1.pb.go:548.11,549.28 1 0
github.com/joseluis8906/project-layout/internal/bank/pb/events_v1.pb.go:550.12,551.15 1 0
github.com/joseluis8906/project-layout/internal/bank/pb/events_v1.pb.go:554.3,554.91 1 0
github.com/joseluis8906/project-layout/internal/bank/pb/events_v1.pb.go:554.91,555.49 1 0
github.com/joseluis8906/project-layout/internal/bank/pb/events_v1.pb.go:556.11,557.20 1 0
github.com/joseluis8906/project-layout/internal/bank/pb/events_v1.pb.go:558.11,559.24 1 0
github.com/joseluis8906/project-layout/internal/bank/pb/events_v1.pb.go:560.11,561.28 1 0
github.com/joseluis8906/project-layout/internal/bank/pb/events_v1.pb.go:562.12,563.15 1 0
github.com/joseluis8906/project-layout/internal/bank/pb/events_v1.pb.go:566.3,566.91 1 0
github.com/joseluis8906/project-layout/internal/bank/pb/events_v1.pb.go:566.91,567.50 1 0
github.com/joseluis8906/project-layout/internal/bank/pb/events_v1.pb.go:568.11,569.20 1 0
github.com/joseluis8906/project-layout/internal/bank/pb/events_v1.pb.go:570.11,571.24 1 0
github.com/joseluis8906/project-layout/internal/bank/pb/events_v1.pb.go:572.11,573.28 1 0
github.com/joseluis8906/project-layout/internal/bank/pb/events_v1.pb.go:574.12,575.15 1 0
github.com/joseluis8906/project-layout/internal/bank/pb/events_v1.pb.go:578.3,578.91 1 0
github.com/joseluis8906/project-layout/internal/bank/pb/events_v1.pb.go:578.91,579.60 1 0
github.com/joseluis8906/project-layout/internal/bank/pb/events_v1.pb.go:580.11,581.20 1 0
github.com/joseluis8906/project-layout/internal/bank/pb/events_v1.pb.go:582.11,583.24 1 0
github.com/joseluis8906/project-layout/internal/bank/pb/events_v1.pb.go:584.11,585.28 1 0
github.com/joseluis8906/project-layout/internal/bank/pb/events_v1.pb.go:586.12,587.15 1 0
github.com/joseluis8906/project-layout/internal/bank/pb/events_v1.pb.go:590.3,590.91 1 0
github.com/joseluis8906/project-layout/internal/bank/pb/events_v1.pb.go:590.91,591.60 1 0
github.com/joseluis8906/project-layout/internal/bank/pb/events_v1.pb.go:592.11,593.20 1 0
github.com/joseluis8906/project-layout/internal/bank/pb/events_v1.pb.go:594.11,595.24 1 0
github.com/joseluis8906/project-layout/internal/bank/pb/events_v1.pb.go:596.11,597.28 1 0
github.com/joseluis8906/project-layout/internal/bank/pb/events_v1.pb.go:598.12,599.15 1 0
github.com/joseluis8906/project-layout/internal/bank/pb/events_v1.pb.go:602.3,602.91 1 0
github.com/joseluis8906/project-layout/internal/bank/pb/events_v1.pb.go:602.91,603.61 1 0
github.com/joseluis8906/project-layout/internal/bank/pb/events_v1.pb.go:604.11,605.20 1 0
github.com/joseluis8906/project-layout/internal/bank/pb/events_v1.pb.go:606.11,607.24 1 0
github.com/joseluis8906/project-layout/internal/bank/pb/events_v1.pb.go:608.11,609.28 1 0
github.com/joseluis8906/project-layout/internal/bank/pb/events_v1.pb.go:610.12,611.15 1 0
github.com/joseluis8906/project-layout/internal/bank/pb/events_v1.pb.go:615.2,632.41 6 1
github.com/joseluis8906/project-layout/internal/bank/pb/tx.pb.go:33.29,35.29 2 0
github.com/joseluis8906/project-layout/internal/bank/pb/tx.pb.go:35.29,39.3 3 0
github.com/joseluis8906/project-layout/internal/bank/pb/tx.pb.go:42.37,44.2 1 0
github.com/joseluis8906/project-layout/internal/bank/pb/tx.pb.go:46.35,46.36 0 0
github.com/joseluis8906/project-layout/internal/bank/pb/tx.pb.go:48.57,50.41 2 0
github.com/joseluis8906/project-layout/internal/bank/pb/tx.pb.go:50.41,52.34 2 0
github.com/joseluis8906/project-layout/internal/bank/pb/tx.pb.go:52.34,54.4 1 0
github.com/joseluis8906/project-layout/internal/bank/pb/tx.pb.go:55.3,55.12 1 0
github.com/joseluis8906/project-layout/internal/bank/pb/tx.pb.go:57.2,57.24 1 0
github.com/joseluis8906/project-layout/internal/bank/pb/tx.pb.go:61.48,63.2 1 0
github.com/joseluis8906/project-layout/internal/bank/pb/tx.pb.go:65.38,66.14 1 0
github.com/joseluis8906/project-layout/internal/bank/pb/tx.pb.go:66.14,68.3 1 0
github.com/joseluis8906/project-layout/internal/bank/pb/tx.pb.go:69.2,69.11 1 0
github.com/joseluis8906/project-layout/internal/bank/pb/tx.pb.go:72.40,73.14 1 0
github.com/joseluis8906/project-layout/internal/bank/pb/tx.pb.go:73.14,75.3 1 0
github.com/joseluis8906/project-layout/internal/bank/pb/tx.pb.go:76.2,76.11 1 0
github.com/joseluis8906/project-layout/internal/bank/pb/tx.pb.go:88.35,90.29 2 0
github.com/joseluis8906/project-layout/internal/bank/pb/tx.pb.go:90.29,94.3 3 0
github.com/joseluis8906/project-layout/internal/bank/pb/tx.pb.go:97.43,99.2 1 0
github.com/joseluis8906/project-layout/internal/bank/pb/tx.pb.go:101.41,101.42 0 0
github.com/joseluis8906/project-layout/internal/bank/pb/tx.pb.go:103.63,105.41 2 0
github.com/joseluis8906/project-layout/internal/bank/pb/tx.pb.go:105.41,107.34 2 0
github.com/joseluis8906/project-layout/internal/bank/pb/tx.pb.go:107.34,109.4 1 0
github.com/joseluis8906/project-layout/internal/bank/pb/tx.pb.go:110.3,110.12 1 0
github.com/joseluis8906/project-layout/internal/bank/pb/tx.pb.go:112.2,112.24 1 0
github.com/joseluis8906/project-layout/internal/bank/pb/tx.pb.go:116.54,118.2 1 0
github.com/joseluis8906/project-layout/internal/bank/pb/tx.pb.go:120.51,121.14 1 0
github.com/joseluis8906/project-layout/internal/bank/pb/tx.pb.go:121.14,123.3 1 0
github.com/joseluis8906/project-layout/internal/bank/pb/tx.pb.go:124.2,124.12 1 0
github.com/joseluis8906/project-layout/internal/bank/pb/tx.pb.go:127.49,128.14 1 0
github.com/joseluis8906/project-layout/internal/bank/pb/tx.pb.go:128.14,130.3 1 0
github.com/joseluis8906/project-layout/internal/bank/pb/tx.pb.go:131.2,131.12 1 0
github.com/joseluis8906/project-layout/internal/bank/pb/tx.pb.go:142.36,144.29 2 0
github.com/joseluis8906/project-layout/internal/bank/pb/tx.pb.go:144.29,148.3 3 0
github.com/joseluis8906/project-layout/internal/bank/pb/tx.pb.go:151.44,153.2 1 0
github.com/joseluis8906/project-layout/internal/bank/pb/tx.pb.go:155.42,155.43 0 0
github.com/joseluis8906/project-layout/internal/bank/pb/tx.pb.go:157.64,159.41 2 0
github.com/joseluis8906/project-layout/internal/bank/pb/tx.pb.go:159.41,161.34 2 0
github.com/joseluis8906/project-layout/internal/bank/pb/tx.pb.go:161.34,163.4 1 0
github.com/joseluis8906/project-layout/internal/bank/pb/tx.pb.go:164.3,164.12 1 0
github.com/joseluis8906/project-layout/internal/bank/pb/tx.pb.go:166.2,166.24 1 0
github.com/joseluis8906/project-layout/internal/bank/pb/tx.pb.go:170.55,172.2 1 0
github.com/joseluis8906/project-layout/internal/bank/pb/tx.pb.go:174.47,175.14 1 0
github.com/joseluis8906/project-layout/internal/bank/pb/tx.pb.go:175.14,177.3 1 0
github.com/joseluis8906/project-layout/internal/bank/pb/tx.pb.go:178.2,178.11 1 0
github.com/joseluis8906/project-layout/internal/bank/pb/tx.pb.go:190.40,192.29 2 0
github.com/joseluis8906/project-layout/internal/bank/pb/tx.pb.go:192.29,196.3 3 0
github.com/joseluis8906/project-layout/internal/bank/pb/tx.pb.go:199.48,201.2 1 0
github.com/joseluis8906/project-layout/internal/bank/pb/tx.pb.go:203.46,203.47 0 0
github.com/joseluis8906/project-layout/internal/bank/pb/tx.pb.go:205.68,207.41 2 0
github.com/joseluis8906/project-layout/internal/bank/pb/tx.pb.go:207.41,209.34 2 0
github.com/joseluis8906/project-layout/internal/bank/pb/tx.pb.go:209.34,211.4 1 0
github.com/joseluis8906/project-layout/internal/bank/pb/tx.pb.go:212.3,212.12 1 0
github.com/joseluis8906/project-layout/internal/bank/pb/tx.pb.go:214.2,214.24 1 0
github.com/joseluis8906/project-layout/internal/bank/pb/tx.pb.go:218.59,220.2 1 0
github.com/joseluis8906/project-layout/internal/bank/pb/tx.pb.go:222.56,223.14 1 0
github.com/joseluis8906/project-layout/internal/bank/pb/tx.pb.go:223.14,225.3 1 0
github.com/joseluis8906/project-layout/internal/bank/pb/tx.pb.go:226.2,226.12 1 0
github.com/joseluis8906/project-layout/internal/bank/pb/tx.pb.go:229.54,230.14 1 0
github.com/joseluis8906/project-layout/internal/bank/pb/tx.pb.go:230.14,232.3 1 0
github.com/joseluis8906/project-layout/internal/bank/pb/tx.pb.go:233.2,233.12 1 0
github.com/joseluis8906/project-layout/internal/bank/pb/tx.pb.go:244.41,246.29 2 0
github.com/joseluis8906/project-layout/internal/bank/pb/tx.pb.go:246.29,250.3 3 0
github.com/joseluis8906/project-layout/internal/bank/pb/tx.pb.go:253.49,255.2 1 0
github.com/joseluis8906/project-layout/internal/bank/pb/tx.pb.go:257.47,257.48 0 0
github.com/joseluis8906/project-layout/internal/bank/pb/tx.pb.go:259.69,261.41 2 0
github.com/joseluis8906/project-layout/internal/bank/pb/tx.pb.go:261.41,263.34 2 0
github.com/joseluis8906/project-layout/internal/bank/pb/tx.pb.go:263.34,265.4 1 0
github.com/joseluis8906/project-layout/internal/bank/pb/tx.pb.go:266.3,266.12 1 0
github.com/joseluis8906/project-layout/internal/bank/pb/tx.pb.go:268.2,268.24 1 0
github.com/joseluis8906/project-layout/internal/bank/pb/tx.pb.go:272.60,274.2 1 0
github.com/joseluis8906/project-layout/internal/bank/pb/tx.pb.go:276.52,277.14 1 0
github.com/joseluis8906/project-layout/internal/bank/pb/tx.pb.go:277.14,279.3 1 0
github.com/joseluis8906/project-layout/internal/bank/pb/tx.pb.go:280.2,280.11 1 0
github.com/joseluis8906/project-layout/internal/bank/pb/tx.pb.go:332.46,333.43 1 0
github.com/joseluis8906/project-layout/internal/bank/pb/tx.pb.go:333.43,335.3 1 0
github.com/joseluis8906/project-layout/internal/bank/pb/tx.pb.go:336.2,336.39 1 0
github.com/joseluis8906/project-layout/internal/bank/pb/tx.pb.go:364.13,364.42 1 1
github.com/joseluis8906/project-layout/internal/bank/pb/tx.pb.go:365.32,366.31 1 1
github.com/joseluis8906/project-layout/internal/bank/pb/tx.pb.go:366.31,368.3 1 0
github.com/joseluis8906/project-layout/internal/bank/pb/tx.pb.go:369.2,369.30 1 1
github.com/joseluis8906/project-layout/internal/bank/pb/tx.pb.go:369.30,370.84 1 0
github.com/joseluis8906/project-layout/internal/bank/pb/tx.pb.go:370.84,371.34 1 0
github.com/joseluis8906/project-layout/internal/bank/pb/tx.pb.go:372.11,373.20 1 0
github.com/joseluis8906/project-layout/internal/bank/pb/tx.pb.go:374.11,375.24 1 0
github.com/joseluis8906/project-layout/internal/bank/pb/tx.pb.go:376.11,377.28 1 0
github.com/joseluis8906/project-layout/internal/bank/pb/tx.pb.go:378.12,379.15 1 0
github.com/joseluis8906/project-layout/internal/bank/pb/tx.pb.go:382.3,382.84 1 0
github.com/joseluis8906/project-layout/internal/bank/pb/tx.pb.go:382.84,383.40 1 0
github.com/joseluis8906/project-layout/internal/bank/pb/tx.pb.go:384.11,385.20 1 0
github.com/joseluis8906/project-layout/internal/bank/pb/tx.pb.go:386.11,387.24 1 0
github.com/joseluis8906/project-layout/internal/bank/pb/tx.pb.go:388.11,389.28 1 0
github.com/joseluis8906/project-layout/internal/bank/pb/tx.pb.go:390.12,391.15 1 0
github.com/joseluis8906/project-layout/internal/bank/pb/tx.pb.go:394.3,394.84 1 0
github.com/joseluis8906/project-layout/internal/bank/pb/tx.pb.go:394.84,395.41 1 0
github.com/joseluis8906/project-layout/internal/bank/pb/tx.pb.go:396.11,397.20 1 0
github.com/joseluis8906/project-layout/internal/bank/pb/tx.pb.go:398.11,399.24 1 0
github.com/joseluis8906/project-layout/internal/bank/pb/tx.pb.go:400.11,401.28 1 0
github.com/joseluis8906/project-layout/internal/bank/pb/tx.pb.go:402.12,403.15 1 0
github.com/joseluis8906/project-layout/internal/bank/pb/tx.pb.go:406.3,406.84 1 0
github.com/joseluis8906/project-layout/internal/bank/pb/tx.pb.go:406.84,407.45 1 0
github.com/joseluis8906/project-layout/internal/bank/pb/tx.pb.go:408.11,409.20 1 0
github.com/joseluis8906/project-layout/internal/bank/pb/tx.pb.go:410.11,411.24 1 0
github.com/joseluis8906/project-layout/internal/bank/pb/tx.pb.go:412.11,413.28 1 0
github.com/joseluis8906/project-layout/internal/bank/pb/tx.pb.go:414.12,415.15 1 0
github.com/joseluis8906/project-layout/internal/bank/pb/tx.pb.go:418.3,418.84 1 0
github.com/joseluis8906/project-layout/internal/bank/pb/tx.pb.go:418.84,419.46 1 0
github.com/joseluis8906/project-layout/internal/bank/pb/tx.pb.go:420.11,421.20 1 0
github.com/joseluis8906/project-layout/internal/bank/pb/tx.pb.go:422.11,423.24 1 0
github.com/joseluis8906/project-layout/internal/bank/pb/tx.pb.go:424.11,425.28 1 0
github.com/joseluis8906/project-layout/internal/bank/pb/tx.pb.go:426.12,427.15 1 0
github.com/joseluis8906/project-layout/internal/bank/pb/tx.pb.go:431.2,448.34 6 1
github.com/joseluis8906/project-layout/internal/bank/pb/tx_grpc.pb.go:38.70,40.2 1 0
github.com/joseluis8906/project-layout/internal/bank/pb/tx_grpc.pb.go:42.130,45.16 3 0
github.com/joseluis8906/project-layout/internal/bank/pb/tx_grpc.pb.go:45.16,47.3 1 0
github.com/joseluis8906/project-layout/internal/bank/pb/tx_grpc.pb.go:48.2,48.17 1 0
github.com/joseluis8906/project-layout/internal/bank/pb/tx_grpc.pb.go:51.145,54.16 3 0
github.com/joseluis8906/project-layout/internal/bank/pb/tx_grpc.pb.go:54.16,56.3 1 0
github.com/joseluis8906/project-layout/internal/bank/pb/tx_grpc.pb.go:57.2,57.17 1 0
github.com/joseluis8906/project-layout/internal/bank/pb/tx_grpc.pb.go:73.108,75.2 1 0
github.com/joseluis8906/project-layout/internal/bank/pb/tx_grpc.pb.go:76.123,78.2 1 0
github.com/joseluis8906/project-layout/internal/bank/pb/tx_grpc.pb.go:79.78,79.79 0 0
github.com/joseluis8906/project-layout/internal/bank/pb/tx_grpc.pb.go:88.76,90.2 1 0
github.com/joseluis8906/project-layout/internal/bank/pb/tx_grpc.pb.go:92.163,94.32 2 0
github.com/joseluis8906/project-layout/internal/bank/pb/tx_grpc.pb.go:94.32,96.3 1 0
github.com/joseluis8906/project-layout/internal/bank/pb/tx_grpc.pb.go:97.2,97.24 1 0
github.com/joseluis8906/project-layout/internal/bank/pb/tx_grpc.pb.go:97.24,99.3 1 0
github.com/joseluis8906/project-layout/internal/bank/pb/tx_grpc.pb.go:100.2,104.77 2 0
github.com/joseluis8906/project-layout/internal/bank/pb/tx_grpc.pb.go:104.77,106.3 1 0
github.com/joseluis8906/project-layout/internal/bank/pb/tx_grpc.pb.go:107.2,107.44 1 0
github.com/joseluis8906/project-layout/internal/bank/pb/tx_grpc.pb.go:110.168,112.32 2 0
github.com/joseluis8906/project-layout/internal/bank/pb/tx_grpc.pb.go:112.32,114.3 1 0
github.com/joseluis8906/project-layout/internal/bank/pb/tx_grpc.pb.go:115.2,115.24 1 0
github.com/joseluis8906/project-layout/internal/bank/pb/tx_grpc.pb.go:115.24,117.3 1 0
github.com/joseluis8906/project-layout/internal/bank/pb/tx_grpc.pb.go:118.2,122.77 2 0
github.com/joseluis8906/project-layout/internal/bank/pb/tx_grpc.pb.go:122.77,124.3 1 0
github.com/joseluis8906/project-layout/internal/bank/pb/tx_grpc.pb.go:125.2,125.44 1 0
